0 verbose cli /usr/bin/node /usr/lib/node_modules/npm/bin/npm-cli.js
1 info using npm@10.9.8
2 info using node@v22.23.0
3 silly config load:file:/usr/lib/node_modules/npm/npmrc
4 silly config load:file:/workspace/.npmrc
5 silly config load:file:/usr/etc/npmrc
6 verbose title npm exec vite build
7 verbose argv "exec" "--" "vite" "build"
8 verbose logfile logs-max:10 dir:/workspace/.npm/_logs/2026-06-24T12_19_46_643Z-
9 verbose logfile /workspace/.npm/_logs/2026-06-24T12_19_46_643Z-debug-0.log
10 silly logfile done cleaning log files
11 silly packumentCache heap:1052508160 maxSize:263127040 maxEntrySize:131563520
12 http fetch GET 200 https://registry.npmjs.org/vite 323ms (cache miss)
13 silly packumentCache heap:1052508160 maxSize:263127040 maxEntrySize:131563520
14 silly packumentCache heap:1052508160 maxSize:263127040 maxEntrySize:131563520
15 warn exec The following package was not found and will be installed: vite@8.1.0
16 silly idealTree buildDeps
17 silly fetch manifest vite@8.1.0
18 silly packumentCache full:https://registry.npmjs.org/vite cache-miss
19 http fetch GET 200 https://registry.npmjs.org/vite 1621ms (cache miss)
20 silly packumentCache full:https://registry.npmjs.org/vite set size:undefined disposed:false
21 silly fetch manifest @types/node@^20.19.0 || >=22.12.0
22 silly packumentCache full:https://registry.npmjs.org/@types%2fnode cache-miss
23 http fetch GET 200 https://registry.npmjs.org/@types%2fnode 495ms (cache miss)
24 silly packumentCache full:https://registry.npmjs.org/@types%2fnode set size:undefined disposed:false
25 silly fetch manifest @vitejs/devtools@^0.3.0
26 silly packumentCache full:https://registry.npmjs.org/@vitejs%2fdevtools cache-miss
27 http fetch GET 200 https://registry.npmjs.org/@vitejs%2fdevtools 97ms (cache miss)
28 silly packumentCache full:https://registry.npmjs.org/@vitejs%2fdevtools set size:undefined disposed:false
29 silly fetch manifest esbuild@^0.27.0 || ^0.28.0
30 silly packumentCache full:https://registry.npmjs.org/esbuild cache-miss
31 http fetch GET 200 https://registry.npmjs.org/esbuild 202ms (cache miss)
32 silly packumentCache full:https://registry.npmjs.org/esbuild set size:undefined disposed:false
33 silly fetch manifest jiti@>=1.21.0
34 silly packumentCache full:https://registry.npmjs.org/jiti cache-miss
35 http fetch GET 200 https://registry.npmjs.org/jiti 74ms (cache miss)
36 silly packumentCache full:https://registry.npmjs.org/jiti set size:undefined disposed:false
37 silly fetch manifest less@^4.0.0
38 silly packumentCache full:https://registry.npmjs.org/less cache-miss
39 http fetch GET 200 https://registry.npmjs.org/less 103ms (cache miss)
40 silly packumentCache full:https://registry.npmjs.org/less set size:undefined disposed:false
41 silly fetch manifest sass@^1.70.0
42 silly packumentCache full:https://registry.npmjs.org/sass cache-miss
43 http fetch GET 200 https://registry.npmjs.org/sass 127ms (cache miss)
44 silly packumentCache full:https://registry.npmjs.org/sass set size:undefined disposed:false
45 silly fetch manifest sass-embedded@^1.70.0
46 silly packumentCache full:https://registry.npmjs.org/sass-embedded cache-miss
47 http fetch GET 200 https://registry.npmjs.org/sass-embedded 76ms (cache miss)
48 silly packumentCache full:https://registry.npmjs.org/sass-embedded set size:undefined disposed:false
49 silly fetch manifest stylus@>=0.54.8
50 silly packumentCache full:https://registry.npmjs.org/stylus cache-miss
51 http fetch GET 200 https://registry.npmjs.org/stylus 70ms (cache miss)
52 silly packumentCache full:https://registry.npmjs.org/stylus set size:undefined disposed:false
53 silly fetch manifest sugarss@^5.0.0
54 silly packumentCache full:https://registry.npmjs.org/sugarss cache-miss
55 http fetch GET 200 https://registry.npmjs.org/sugarss 52ms (cache miss)
56 silly packumentCache full:https://registry.npmjs.org/sugarss set size:undefined disposed:false
57 silly fetch manifest postcss@^8.3.3
58 silly packumentCache full:https://registry.npmjs.org/postcss cache-miss
59 http fetch GET 200 https://registry.npmjs.org/postcss 108ms (cache miss)
60 silly packumentCache full:https://registry.npmjs.org/postcss set size:undefined disposed:false
61 silly fetch manifest terser@^5.16.0
62 silly packumentCache full:https://registry.npmjs.org/terser cache-miss
63 http fetch GET 200 https://registry.npmjs.org/terser 107ms (cache miss)
64 silly packumentCache full:https://registry.npmjs.org/terser set size:undefined disposed:false
65 silly fetch manifest tsx@^4.8.1
66 silly packumentCache full:https://registry.npmjs.org/tsx cache-miss
67 http fetch GET 200 https://registry.npmjs.org/tsx 67ms (cache miss)
68 silly packumentCache full:https://registry.npmjs.org/tsx set size:undefined disposed:false
69 silly fetch manifest yaml@^2.4.2
70 silly packumentCache full:https://registry.npmjs.org/yaml cache-miss
71 http fetch GET 200 https://registry.npmjs.org/yaml 71ms (cache miss)
72 silly packumentCache full:https://registry.npmjs.org/yaml set size:undefined disposed:false
73 silly placeDep ROOT vite@8.1.0 OK for:  want: 8.1.0
74 silly fetch manifest lightningcss@^1.32.0
75 silly packumentCache full:https://registry.npmjs.org/lightningcss cache-miss
76 http fetch GET 200 https://registry.npmjs.org/lightningcss 55ms (cache miss)
77 silly packumentCache full:https://registry.npmjs.org/lightningcss set size:undefined disposed:false
78 silly fetch manifest picomatch@^4.0.4
79 silly packumentCache full:https://registry.npmjs.org/picomatch cache-miss
80 http fetch GET 200 https://registry.npmjs.org/picomatch 115ms (cache miss)
81 silly packumentCache full:https://registry.npmjs.org/picomatch set size:undefined disposed:false
82 silly fetch manifest postcss@^8.5.15
83 silly packumentCache full:https://registry.npmjs.org/postcss cache-miss
84 http cache https://registry.npmjs.org/postcss 6ms (cache hit)
85 silly packumentCache full:https://registry.npmjs.org/postcss set size:723316 disposed:false
86 silly fetch manifest rolldown@~1.1.2
87 silly packumentCache full:https://registry.npmjs.org/rolldown cache-miss
88 http fetch GET 200 https://registry.npmjs.org/rolldown 185ms (cache miss)
89 silly packumentCache full:https://registry.npmjs.org/rolldown set size:undefined disposed:false
90 silly fetch manifest tinyglobby@^0.2.17
91 silly packumentCache full:https://registry.npmjs.org/tinyglobby cache-miss
92 http fetch GET 200 https://registry.npmjs.org/tinyglobby 56ms (cache miss)
93 silly packumentCache full:https://registry.npmjs.org/tinyglobby set size:undefined disposed:false
94 silly fetch manifest fsevents@~2.3.3
95 silly packumentCache full:https://registry.npmjs.org/fsevents cache-miss
96 http fetch GET 200 https://registry.npmjs.org/fsevents 63ms (cache miss)
97 silly packumentCache full:https://registry.npmjs.org/fsevents set size:undefined disposed:false
98 silly placeDep ROOT fsevents@2.3.3 OK for: vite@8.1.0 want: ~2.3.3
99 silly placeDep ROOT lightningcss@1.32.0 OK for: vite@8.1.0 want: ^1.32.0
100 silly placeDep ROOT picomatch@4.0.4 OK for: vite@8.1.0 want: ^4.0.4
101 silly placeDep ROOT postcss@8.5.15 OK for: vite@8.1.0 want: ^8.5.15
102 silly placeDep ROOT rolldown@1.1.3 OK for: vite@8.1.0 want: ~1.1.2
103 silly placeDep ROOT tinyglobby@0.2.17 OK for: vite@8.1.0 want: ^0.2.17
104 silly fetch manifest detect-libc@^2.0.3
105 silly packumentCache full:https://registry.npmjs.org/detect-libc cache-miss
106 http fetch GET 200 https://registry.npmjs.org/detect-libc 54ms (cache miss)
107 silly packumentCache full:https://registry.npmjs.org/detect-libc set size:undefined disposed:false
108 silly fetch manifest lightningcss-darwin-x64@1.32.0
109 silly packumentCache full:https://registry.npmjs.org/lightningcss-darwin-x64 cache-miss
110 http fetch GET 200 https://registry.npmjs.org/lightningcss-darwin-x64 60ms (cache miss)
111 silly packumentCache full:https://registry.npmjs.org/lightningcss-darwin-x64 set size:undefined disposed:false
112 silly fetch manifest lightningcss-linux-x64-gnu@1.32.0
113 silly packumentCache full:https://registry.npmjs.org/lightningcss-linux-x64-gnu cache-miss
114 http fetch GET 200 https://registry.npmjs.org/lightningcss-linux-x64-gnu 50ms (cache miss)
115 silly packumentCache full:https://registry.npmjs.org/lightningcss-linux-x64-gnu set size:undefined disposed:false
116 silly fetch manifest lightningcss-win32-x64-msvc@1.32.0
117 silly packumentCache full:https://registry.npmjs.org/lightningcss-win32-x64-msvc cache-miss
118 http fetch GET 200 https://registry.npmjs.org/lightningcss-win32-x64-msvc 76ms (cache miss)
119 silly packumentCache full:https://registry.npmjs.org/lightningcss-win32-x64-msvc set size:undefined disposed:false
120 silly fetch manifest lightningcss-win32-arm64-msvc@1.32.0
121 silly packumentCache full:https://registry.npmjs.org/lightningcss-win32-arm64-msvc cache-miss
122 http fetch GET 200 https://registry.npmjs.org/lightningcss-win32-arm64-msvc 49ms (cache miss)
123 silly packumentCache full:https://registry.npmjs.org/lightningcss-win32-arm64-msvc set size:undefined disposed:false
124 silly fetch manifest lightningcss-darwin-arm64@1.32.0
125 silly packumentCache full:https://registry.npmjs.org/lightningcss-darwin-arm64 cache-miss
126 http fetch GET 200 https://registry.npmjs.org/lightningcss-darwin-arm64 65ms (cache miss)
127 silly packumentCache full:https://registry.npmjs.org/lightningcss-darwin-arm64 set size:undefined disposed:false
128 silly fetch manifest lightningcss-linux-arm64-gnu@1.32.0
129 silly packumentCache full:https://registry.npmjs.org/lightningcss-linux-arm64-gnu cache-miss
130 http fetch GET 200 https://registry.npmjs.org/lightningcss-linux-arm64-gnu 70ms (cache miss)
131 silly packumentCache full:https://registry.npmjs.org/lightningcss-linux-arm64-gnu set size:undefined disposed:false
132 silly fetch manifest lightningcss-linux-arm-gnueabihf@1.32.0
133 silly packumentCache full:https://registry.npmjs.org/lightningcss-linux-arm-gnueabihf cache-miss
134 http fetch GET 200 https://registry.npmjs.org/lightningcss-linux-arm-gnueabihf 66ms (cache miss)
135 silly packumentCache full:https://registry.npmjs.org/lightningcss-linux-arm-gnueabihf set size:undefined disposed:false
136 silly fetch manifest lightningcss-linux-arm64-musl@1.32.0
137 silly packumentCache full:https://registry.npmjs.org/lightningcss-linux-arm64-musl cache-miss
138 http fetch GET 200 https://registry.npmjs.org/lightningcss-linux-arm64-musl 66ms (cache miss)
139 silly packumentCache full:https://registry.npmjs.org/lightningcss-linux-arm64-musl set size:undefined disposed:false
140 silly fetch manifest lightningcss-linux-x64-musl@1.32.0
141 silly packumentCache full:https://registry.npmjs.org/lightningcss-linux-x64-musl cache-miss
142 http fetch GET 200 https://registry.npmjs.org/lightningcss-linux-x64-musl 62ms (cache miss)
143 silly packumentCache full:https://registry.npmjs.org/lightningcss-linux-x64-musl set size:undefined disposed:false
144 silly fetch manifest lightningcss-freebsd-x64@1.32.0
145 silly packumentCache full:https://registry.npmjs.org/lightningcss-freebsd-x64 cache-miss
146 http fetch GET 200 https://registry.npmjs.org/lightningcss-freebsd-x64 52ms (cache miss)
147 silly packumentCache full:https://registry.npmjs.org/lightningcss-freebsd-x64 set size:undefined disposed:false
148 silly fetch manifest lightningcss-android-arm64@1.32.0
149 silly packumentCache full:https://registry.npmjs.org/lightningcss-android-arm64 cache-miss
150 http fetch GET 200 https://registry.npmjs.org/lightningcss-android-arm64 56ms (cache miss)
151 silly packumentCache full:https://registry.npmjs.org/lightningcss-android-arm64 set size:undefined disposed:false
152 silly fetch manifest nanoid@^3.3.12
153 silly packumentCache full:https://registry.npmjs.org/nanoid cache-miss
154 http fetch GET 200 https://registry.npmjs.org/nanoid 84ms (cache miss)
155 silly packumentCache full:https://registry.npmjs.org/nanoid set size:undefined disposed:false
156 silly fetch manifest picocolors@^1.1.1
157 silly packumentCache full:https://registry.npmjs.org/picocolors cache-miss
158 http fetch GET 200 https://registry.npmjs.org/picocolors 52ms (cache miss)
159 silly packumentCache full:https://registry.npmjs.org/picocolors set size:undefined disposed:false
160 silly fetch manifest source-map-js@^1.2.1
161 silly packumentCache full:https://registry.npmjs.org/source-map-js cache-miss
162 http fetch GET 200 https://registry.npmjs.org/source-map-js 58ms (cache miss)
163 silly packumentCache full:https://registry.npmjs.org/source-map-js set size:undefined disposed:false
164 silly fetch manifest @oxc-project/types@=0.137.0
165 silly packumentCache full:https://registry.npmjs.org/@oxc-project%2ftypes cache-miss
166 http fetch GET 200 https://registry.npmjs.org/@oxc-project%2ftypes 87ms (cache miss)
167 silly packumentCache full:https://registry.npmjs.org/@oxc-project%2ftypes set size:undefined disposed:false
168 silly fetch manifest @rolldown/pluginutils@^1.0.0
169 silly packumentCache full:https://registry.npmjs.org/@rolldown%2fpluginutils cache-miss
170 http fetch GET 200 https://registry.npmjs.org/@rolldown%2fpluginutils 97ms (cache miss)
171 silly packumentCache full:https://registry.npmjs.org/@rolldown%2fpluginutils set size:undefined disposed:false
172 silly fetch manifest @rolldown/binding-darwin-x64@1.1.3
173 silly packumentCache full:https://registry.npmjs.org/@rolldown%2fbinding-darwin-x64 cache-miss
174 http fetch GET 200 https://registry.npmjs.org/@rolldown%2fbinding-darwin-x64 152ms (cache miss)
175 silly packumentCache full:https://registry.npmjs.org/@rolldown%2fbinding-darwin-x64 set size:undefined disposed:false
176 silly fetch manifest @rolldown/binding-win32-x64-msvc@1.1.3
177 silly packumentCache full:https://registry.npmjs.org/@rolldown%2fbinding-win32-x64-msvc cache-miss
178 http fetch GET 200 https://registry.npmjs.org/@rolldown%2fbinding-win32-x64-msvc 150ms (cache miss)
179 silly packumentCache full:https://registry.npmjs.org/@rolldown%2fbinding-win32-x64-msvc set size:undefined disposed:false
180 silly fetch manifest @rolldown/binding-linux-x64-gnu@1.1.3
181 silly packumentCache full:https://registry.npmjs.org/@rolldown%2fbinding-linux-x64-gnu cache-miss
182 http fetch GET 200 https://registry.npmjs.org/@rolldown%2fbinding-linux-x64-gnu 149ms (cache miss)
183 silly packumentCache full:https://registry.npmjs.org/@rolldown%2fbinding-linux-x64-gnu set size:undefined disposed:false
184 silly fetch manifest @rolldown/binding-linux-x64-musl@1.1.3
185 silly packumentCache full:https://registry.npmjs.org/@rolldown%2fbinding-linux-x64-musl cache-miss
186 http fetch GET 200 https://registry.npmjs.org/@rolldown%2fbinding-linux-x64-musl 147ms (cache miss)
187 silly packumentCache full:https://registry.npmjs.org/@rolldown%2fbinding-linux-x64-musl set size:undefined disposed:false
188 silly fetch manifest @rolldown/binding-freebsd-x64@1.1.3
189 silly packumentCache full:https://registry.npmjs.org/@rolldown%2fbinding-freebsd-x64 cache-miss
190 http fetch GET 200 https://registry.npmjs.org/@rolldown%2fbinding-freebsd-x64 131ms (cache miss)
191 silly packumentCache full:https://registry.npmjs.org/@rolldown%2fbinding-freebsd-x64 set size:undefined disposed:false
192 silly fetch manifest @rolldown/binding-linux-arm-gnueabihf@1.1.3
193 silly packumentCache full:https://registry.npmjs.org/@rolldown%2fbinding-linux-arm-gnueabihf cache-miss
194 http fetch GET 200 https://registry.npmjs.org/@rolldown%2fbinding-linux-arm-gnueabihf 143ms (cache miss)
195 silly packumentCache full:https://registry.npmjs.org/@rolldown%2fbinding-linux-arm-gnueabihf set size:undefined disposed:false
196 silly fetch manifest @rolldown/binding-linux-arm64-gnu@1.1.3
197 silly packumentCache full:https://registry.npmjs.org/@rolldown%2fbinding-linux-arm64-gnu cache-miss
198 http fetch GET 200 https://registry.npmjs.org/@rolldown%2fbinding-linux-arm64-gnu 170ms (cache miss)
199 silly packumentCache full:https://registry.npmjs.org/@rolldown%2fbinding-linux-arm64-gnu set size:undefined disposed:false
200 silly fetch manifest @rolldown/binding-darwin-arm64@1.1.3
201 silly packumentCache full:https://registry.npmjs.org/@rolldown%2fbinding-darwin-arm64 cache-miss
202 http fetch GET 200 https://registry.npmjs.org/@rolldown%2fbinding-darwin-arm64 164ms (cache miss)
203 silly packumentCache full:https://registry.npmjs.org/@rolldown%2fbinding-darwin-arm64 set size:undefined disposed:false
204 silly fetch manifest @rolldown/binding-linux-arm64-musl@1.1.3
205 silly packumentCache full:https://registry.npmjs.org/@rolldown%2fbinding-linux-arm64-musl cache-miss
206 http fetch GET 200 https://registry.npmjs.org/@rolldown%2fbinding-linux-arm64-musl 152ms (cache miss)
207 silly packumentCache full:https://registry.npmjs.org/@rolldown%2fbinding-linux-arm64-musl set size:undefined disposed:false
208 silly fetch manifest @rolldown/binding-openharmony-arm64@1.1.3
209 silly packumentCache full:https://registry.npmjs.org/@rolldown%2fbinding-openharmony-arm64 cache-miss
210 http fetch GET 200 https://registry.npmjs.org/@rolldown%2fbinding-openharmony-arm64 79ms (cache miss)
211 silly packumentCache full:https://registry.npmjs.org/@rolldown%2fbinding-openharmony-arm64 set size:undefined disposed:false
212 silly fetch manifest @rolldown/binding-win32-arm64-msvc@1.1.3
213 silly packumentCache full:https://registry.npmjs.org/@rolldown%2fbinding-win32-arm64-msvc cache-miss
214 http fetch GET 200 https://registry.npmjs.org/@rolldown%2fbinding-win32-arm64-msvc 135ms (cache miss)
215 silly packumentCache full:https://registry.npmjs.org/@rolldown%2fbinding-win32-arm64-msvc set size:undefined disposed:false
216 silly fetch manifest @rolldown/binding-android-arm64@1.1.3
217 silly packumentCache full:https://registry.npmjs.org/@rolldown%2fbinding-android-arm64 cache-miss
218 http fetch GET 200 https://registry.npmjs.org/@rolldown%2fbinding-android-arm64 84ms (cache miss)
219 silly packumentCache full:https://registry.npmjs.org/@rolldown%2fbinding-android-arm64 set size:undefined disposed:false
220 silly fetch manifest @rolldown/binding-wasm32-wasi@1.1.3
221 silly packumentCache full:https://registry.npmjs.org/@rolldown%2fbinding-wasm32-wasi cache-miss
222 http fetch GET 200 https://registry.npmjs.org/@rolldown%2fbinding-wasm32-wasi 151ms (cache miss)
223 silly packumentCache full:https://registry.npmjs.org/@rolldown%2fbinding-wasm32-wasi set size:undefined disposed:false
224 silly fetch manifest @rolldown/binding-linux-s390x-gnu@1.1.3
225 silly packumentCache full:https://registry.npmjs.org/@rolldown%2fbinding-linux-s390x-gnu cache-miss
226 http fetch GET 200 https://registry.npmjs.org/@rolldown%2fbinding-linux-s390x-gnu 80ms (cache miss)
227 silly packumentCache full:https://registry.npmjs.org/@rolldown%2fbinding-linux-s390x-gnu set size:undefined disposed:false
228 silly fetch manifest @rolldown/binding-linux-ppc64-gnu@1.1.3
229 silly packumentCache full:https://registry.npmjs.org/@rolldown%2fbinding-linux-ppc64-gnu cache-miss
230 http fetch GET 200 https://registry.npmjs.org/@rolldown%2fbinding-linux-ppc64-gnu 79ms (cache miss)
231 silly packumentCache full:https://registry.npmjs.org/@rolldown%2fbinding-linux-ppc64-gnu set size:undefined disposed:false
232 silly fetch manifest fdir@^6.5.0
233 silly packumentCache full:https://registry.npmjs.org/fdir cache-miss
234 http fetch GET 200 https://registry.npmjs.org/fdir 66ms (cache miss)
235 silly packumentCache full:https://registry.npmjs.org/fdir set size:undefined disposed:false
236 silly placeDep ROOT detect-libc@2.1.2 OK for: lightningcss@1.32.0 want: ^2.0.3
237 silly placeDep ROOT lightningcss-android-arm64@1.32.0 OK for: lightningcss@1.32.0 want: 1.32.0
238 silly placeDep ROOT lightningcss-darwin-arm64@1.32.0 OK for: lightningcss@1.32.0 want: 1.32.0
239 silly placeDep ROOT lightningcss-darwin-x64@1.32.0 OK for: lightningcss@1.32.0 want: 1.32.0
240 silly placeDep ROOT lightningcss-freebsd-x64@1.32.0 OK for: lightningcss@1.32.0 want: 1.32.0
241 silly placeDep ROOT lightningcss-linux-arm-gnueabihf@1.32.0 OK for: lightningcss@1.32.0 want: 1.32.0
242 silly placeDep ROOT lightningcss-linux-arm64-gnu@1.32.0 OK for: lightningcss@1.32.0 want: 1.32.0
243 silly placeDep ROOT lightningcss-linux-arm64-musl@1.32.0 OK for: lightningcss@1.32.0 want: 1.32.0
244 silly placeDep ROOT lightningcss-linux-x64-gnu@1.32.0 OK for: lightningcss@1.32.0 want: 1.32.0
245 silly placeDep ROOT lightningcss-linux-x64-musl@1.32.0 OK for: lightningcss@1.32.0 want: 1.32.0
246 silly placeDep ROOT lightningcss-win32-arm64-msvc@1.32.0 OK for: lightningcss@1.32.0 want: 1.32.0
247 silly placeDep ROOT lightningcss-win32-x64-msvc@1.32.0 OK for: lightningcss@1.32.0 want: 1.32.0
248 silly placeDep ROOT nanoid@3.3.15 OK for: postcss@8.5.15 want: ^3.3.12
249 silly placeDep ROOT picocolors@1.1.1 OK for: postcss@8.5.15 want: ^1.1.1
250 silly placeDep ROOT source-map-js@1.2.1 OK for: postcss@8.5.15 want: ^1.2.1
251 silly placeDep ROOT @oxc-project/types@0.137.0 OK for: rolldown@1.1.3 want: =0.137.0
252 silly placeDep ROOT @rolldown/binding-android-arm64@1.1.3 OK for: rolldown@1.1.3 want: 1.1.3
253 silly placeDep ROOT @rolldown/binding-darwin-arm64@1.1.3 OK for: rolldown@1.1.3 want: 1.1.3
254 silly placeDep ROOT @rolldown/binding-darwin-x64@1.1.3 OK for: rolldown@1.1.3 want: 1.1.3
255 silly placeDep ROOT @rolldown/binding-freebsd-x64@1.1.3 OK for: rolldown@1.1.3 want: 1.1.3
256 silly placeDep ROOT @rolldown/binding-linux-arm-gnueabihf@1.1.3 OK for: rolldown@1.1.3 want: 1.1.3
257 silly placeDep ROOT @rolldown/binding-linux-arm64-gnu@1.1.3 OK for: rolldown@1.1.3 want: 1.1.3
258 silly placeDep ROOT @rolldown/binding-linux-arm64-musl@1.1.3 OK for: rolldown@1.1.3 want: 1.1.3
259 silly placeDep ROOT @rolldown/binding-linux-ppc64-gnu@1.1.3 OK for: rolldown@1.1.3 want: 1.1.3
260 silly placeDep ROOT @rolldown/binding-linux-s390x-gnu@1.1.3 OK for: rolldown@1.1.3 want: 1.1.3
261 silly placeDep ROOT @rolldown/binding-linux-x64-gnu@1.1.3 OK for: rolldown@1.1.3 want: 1.1.3
262 silly placeDep ROOT @rolldown/binding-linux-x64-musl@1.1.3 OK for: rolldown@1.1.3 want: 1.1.3
263 silly placeDep ROOT @rolldown/binding-openharmony-arm64@1.1.3 OK for: rolldown@1.1.3 want: 1.1.3
264 silly placeDep ROOT @rolldown/binding-wasm32-wasi@1.1.3 OK for: rolldown@1.1.3 want: 1.1.3
265 silly placeDep ROOT @rolldown/binding-win32-arm64-msvc@1.1.3 OK for: rolldown@1.1.3 want: 1.1.3
266 silly placeDep ROOT @rolldown/binding-win32-x64-msvc@1.1.3 OK for: rolldown@1.1.3 want: 1.1.3
267 silly placeDep ROOT @rolldown/pluginutils@1.0.1 OK for: rolldown@1.1.3 want: ^1.0.0
268 silly fetch manifest @napi-rs/wasm-runtime@^1.1.6
269 silly packumentCache full:https://registry.npmjs.org/@napi-rs%2fwasm-runtime cache-miss
270 http fetch GET 200 https://registry.npmjs.org/@napi-rs%2fwasm-runtime 72ms (cache miss)
271 silly packumentCache full:https://registry.npmjs.org/@napi-rs%2fwasm-runtime set size:undefined disposed:false
272 silly fetch manifest @emnapi/core@1.11.1
273 silly packumentCache full:https://registry.npmjs.org/@emnapi%2fcore cache-miss
274 http fetch GET 200 https://registry.npmjs.org/@emnapi%2fcore 77ms (cache miss)
275 silly packumentCache full:https://registry.npmjs.org/@emnapi%2fcore set size:undefined disposed:false
276 silly fetch manifest @emnapi/runtime@1.11.1
277 silly packumentCache full:https://registry.npmjs.org/@emnapi%2fruntime cache-miss
278 http fetch GET 200 https://registry.npmjs.org/@emnapi%2fruntime 78ms (cache miss)
279 silly packumentCache full:https://registry.npmjs.org/@emnapi%2fruntime set size:undefined disposed:false
280 silly placeDep ROOT @emnapi/core@1.11.1 OK for: @rolldown/binding-wasm32-wasi@1.1.3 want: 1.11.1
281 silly placeDep ROOT @emnapi/runtime@1.11.1 OK for: @rolldown/binding-wasm32-wasi@1.1.3 want: 1.11.1
282 silly placeDep ROOT @napi-rs/wasm-runtime@1.1.6 OK for: @rolldown/binding-wasm32-wasi@1.1.3 want: ^1.1.6
283 silly fetch manifest @emnapi/wasi-threads@1.2.2
284 silly packumentCache full:https://registry.npmjs.org/@emnapi%2fwasi-threads cache-miss
285 http fetch GET 200 https://registry.npmjs.org/@emnapi%2fwasi-threads 99ms (cache miss)
286 silly packumentCache full:https://registry.npmjs.org/@emnapi%2fwasi-threads set size:undefined disposed:false
287 silly fetch manifest tslib@^2.4.0
288 silly packumentCache full:https://registry.npmjs.org/tslib cache-miss
289 http fetch GET 200 https://registry.npmjs.org/tslib 58ms (cache miss)
290 silly packumentCache full:https://registry.npmjs.org/tslib set size:undefined disposed:false
291 silly fetch manifest @tybys/wasm-util@^0.10.3
292 silly packumentCache full:https://registry.npmjs.org/@tybys%2fwasm-util cache-miss
293 http fetch GET 200 https://registry.npmjs.org/@tybys%2fwasm-util 97ms (cache miss)
294 silly packumentCache full:https://registry.npmjs.org/@tybys%2fwasm-util set size:undefined disposed:false
295 silly placeDep ROOT @emnapi/wasi-threads@1.2.2 OK for: @emnapi/core@1.11.1 want: 1.2.2
296 silly placeDep ROOT tslib@2.8.1 OK for: @emnapi/core@1.11.1 want: ^2.4.0
297 silly placeDep ROOT @tybys/wasm-util@0.10.3 OK for: @napi-rs/wasm-runtime@1.1.6 want: ^0.10.3
298 silly placeDep ROOT fdir@6.5.0 OK for: tinyglobby@0.2.17 want: ^6.5.0
299 silly reify moves {}
300 silly audit bulk request {
300 silly audit   vite: [ '8.1.0' ],
300 silly audit   fsevents: [ '2.3.3' ],
300 silly audit   lightningcss: [ '1.32.0' ],
300 silly audit   picomatch: [ '4.0.4' ],
300 silly audit   postcss: [ '8.5.15' ],
300 silly audit   rolldown: [ '1.1.3' ],
300 silly audit   tinyglobby: [ '0.2.17' ],
300 silly audit   'detect-libc': [ '2.1.2' ],
300 silly audit   'lightningcss-android-arm64': [ '1.32.0' ],
300 silly audit   'lightningcss-darwin-arm64': [ '1.32.0' ],
300 silly audit   'lightningcss-darwin-x64': [ '1.32.0' ],
300 silly audit   'lightningcss-freebsd-x64': [ '1.32.0' ],
300 silly audit   'lightningcss-linux-arm-gnueabihf': [ '1.32.0' ],
300 silly audit   'lightningcss-linux-arm64-gnu': [ '1.32.0' ],
300 silly audit   'lightningcss-linux-arm64-musl': [ '1.32.0' ],
300 silly audit   'lightningcss-linux-x64-gnu': [ '1.32.0' ],
300 silly audit   'lightningcss-linux-x64-musl': [ '1.32.0' ],
300 silly audit   'lightningcss-win32-arm64-msvc': [ '1.32.0' ],
300 silly audit   'lightningcss-win32-x64-msvc': [ '1.32.0' ],
300 silly audit   nanoid: [ '3.3.15' ],
300 silly audit   picocolors: [ '1.1.1' ],
300 silly audit   'source-map-js': [ '1.2.1' ],
300 silly audit   '@oxc-project/types': [ '0.137.0' ],
300 silly audit   '@rolldown/binding-android-arm64': [ '1.1.3' ],
300 silly audit   '@rolldown/binding-darwin-arm64': [ '1.1.3' ],
300 silly audit   '@rolldown/binding-darwin-x64': [ '1.1.3' ],
300 silly audit   '@rolldown/binding-freebsd-x64': [ '1.1.3' ],
300 silly audit   '@rolldown/binding-linux-arm-gnueabihf': [ '1.1.3' ],
300 silly audit   '@rolldown/binding-linux-arm64-gnu': [ '1.1.3' ],
300 silly audit   '@rolldown/binding-linux-arm64-musl': [ '1.1.3' ],
300 silly audit   '@rolldown/binding-linux-ppc64-gnu': [ '1.1.3' ],
300 silly audit   '@rolldown/binding-linux-s390x-gnu': [ '1.1.3' ],
300 silly audit   '@rolldown/binding-linux-x64-gnu': [ '1.1.3' ],
300 silly audit   '@rolldown/binding-linux-x64-musl': [ '1.1.3' ],
300 silly audit   '@rolldown/binding-openharmony-arm64': [ '1.1.3' ],
300 silly audit   '@rolldown/binding-wasm32-wasi': [ '1.1.3' ],
300 silly audit   '@rolldown/binding-win32-arm64-msvc': [ '1.1.3' ],
300 silly audit   '@rolldown/binding-win32-x64-msvc': [ '1.1.3' ],
300 silly audit   '@rolldown/pluginutils': [ '1.0.1' ],
300 silly audit   '@emnapi/core': [ '1.11.1' ],
300 silly audit   '@emnapi/runtime': [ '1.11.1' ],
300 silly audit   '@napi-rs/wasm-runtime': [ '1.1.6' ],
300 silly audit   '@emnapi/wasi-threads': [ '1.2.2' ],
300 silly audit   tslib: [ '2.8.1' ],
300 silly audit   '@tybys/wasm-util': [ '0.10.3' ],
300 silly audit   fdir: [ '6.5.0' ]
300 silly audit }
301 verbose reify failed optional dependency /workspace/.npm/_npx/9ed06546b0653f96/node_modules/@rolldown/binding-win32-x64-msvc
302 silly reify mark deleted [
302 silly reify   '/workspace/.npm/_npx/9ed06546b0653f96/node_modules/@rolldown/binding-win32-x64-msvc'
302 silly reify ]
303 verbose reify failed optional dependency /workspace/.npm/_npx/9ed06546b0653f96/node_modules/@rolldown/binding-win32-arm64-msvc
304 silly reify mark deleted [
304 silly reify   '/workspace/.npm/_npx/9ed06546b0653f96/node_modules/@rolldown/binding-win32-arm64-msvc'
304 silly reify ]
305 verbose reify failed optional dependency /workspace/.npm/_npx/9ed06546b0653f96/node_modules/@rolldown/binding-wasm32-wasi
306 silly reify mark deleted [
306 silly reify   '/workspace/.npm/_npx/9ed06546b0653f96/node_modules/@rolldown/binding-wasm32-wasi'
306 silly reify ]
307 verbose reify failed optional dependency /workspace/.npm/_npx/9ed06546b0653f96/node_modules/@napi-rs/wasm-runtime
308 silly reify mark deleted [
308 silly reify   '/workspace/.npm/_npx/9ed06546b0653f96/node_modules/@napi-rs/wasm-runtime'
308 silly reify ]
309 verbose reify failed optional dependency /workspace/.npm/_npx/9ed06546b0653f96/node_modules/@emnapi/core
310 silly reify mark deleted [ '/workspace/.npm/_npx/9ed06546b0653f96/node_modules/@emnapi/core' ]
311 verbose reify failed optional dependency /workspace/.npm/_npx/9ed06546b0653f96/node_modules/@emnapi/runtime
312 silly reify mark deleted [
312 silly reify   '/workspace/.npm/_npx/9ed06546b0653f96/node_modules/@emnapi/runtime'
312 silly reify ]
313 verbose reify failed optional dependency /workspace/.npm/_npx/9ed06546b0653f96/node_modules/@tybys/wasm-util
314 silly reify mark deleted [
314 silly reify   '/workspace/.npm/_npx/9ed06546b0653f96/node_modules/@tybys/wasm-util'
314 silly reify ]
315 verbose reify failed optional dependency /workspace/.npm/_npx/9ed06546b0653f96/node_modules/@emnapi/wasi-threads
316 silly reify mark deleted [
316 silly reify   '/workspace/.npm/_npx/9ed06546b0653f96/node_modules/@emnapi/wasi-threads'
316 silly reify ]
317 verbose reify failed optional dependency /workspace/.npm/_npx/9ed06546b0653f96/node_modules/tslib
318 silly reify mark deleted [ '/workspace/.npm/_npx/9ed06546b0653f96/node_modules/tslib' ]
319 verbose reify failed optional dependency /workspace/.npm/_npx/9ed06546b0653f96/node_modules/@rolldown/binding-openharmony-arm64
320 silly reify mark deleted [
320 silly reify   '/workspace/.npm/_npx/9ed06546b0653f96/node_modules/@rolldown/binding-openharmony-arm64'
320 silly reify ]
321 verbose reify failed optional dependency /workspace/.npm/_npx/9ed06546b0653f96/node_modules/@rolldown/binding-linux-x64-musl
322 silly reify mark deleted [
322 silly reify   '/workspace/.npm/_npx/9ed06546b0653f96/node_modules/@rolldown/binding-linux-x64-musl'
322 silly reify ]
323 verbose reify failed optional dependency /workspace/.npm/_npx/9ed06546b0653f96/node_modules/@rolldown/binding-linux-x64-gnu
324 silly reify mark deleted [
324 silly reify   '/workspace/.npm/_npx/9ed06546b0653f96/node_modules/@rolldown/binding-linux-x64-gnu'
324 silly reify ]
325 verbose reify failed optional dependency /workspace/.npm/_npx/9ed06546b0653f96/node_modules/@rolldown/binding-linux-s390x-gnu
326 silly reify mark deleted [
326 silly reify   '/workspace/.npm/_npx/9ed06546b0653f96/node_modules/@rolldown/binding-linux-s390x-gnu'
326 silly reify ]
327 verbose reify failed optional dependency /workspace/.npm/_npx/9ed06546b0653f96/node_modules/@rolldown/binding-linux-ppc64-gnu
328 silly reify mark deleted [
328 silly reify   '/workspace/.npm/_npx/9ed06546b0653f96/node_modules/@rolldown/binding-linux-ppc64-gnu'
328 silly reify ]
329 verbose reify failed optional dependency /workspace/.npm/_npx/9ed06546b0653f96/node_modules/@rolldown/binding-linux-arm64-musl
330 silly reify mark deleted [
330 silly reify   '/workspace/.npm/_npx/9ed06546b0653f96/node_modules/@rolldown/binding-linux-arm64-musl'
330 silly reify ]
331 verbose reify failed optional dependency /workspace/.npm/_npx/9ed06546b0653f96/node_modules/@rolldown/binding-linux-arm-gnueabihf
332 silly reify mark deleted [
332 silly reify   '/workspace/.npm/_npx/9ed06546b0653f96/node_modules/@rolldown/binding-linux-arm-gnueabihf'
332 silly reify ]
333 verbose reify failed optional dependency /workspace/.npm/_npx/9ed06546b0653f96/node_modules/@rolldown/binding-freebsd-x64
334 silly reify mark deleted [
334 silly reify   '/workspace/.npm/_npx/9ed06546b0653f96/node_modules/@rolldown/binding-freebsd-x64'
334 silly reify ]
335 verbose reify failed optional dependency /workspace/.npm/_npx/9ed06546b0653f96/node_modules/@rolldown/binding-darwin-x64
336 silly reify mark deleted [
336 silly reify   '/workspace/.npm/_npx/9ed06546b0653f96/node_modules/@rolldown/binding-darwin-x64'
336 silly reify ]
337 verbose reify failed optional dependency /workspace/.npm/_npx/9ed06546b0653f96/node_modules/@rolldown/binding-darwin-arm64
338 silly reify mark deleted [
338 silly reify   '/workspace/.npm/_npx/9ed06546b0653f96/node_modules/@rolldown/binding-darwin-arm64'
338 silly reify ]
339 verbose reify failed optional dependency /workspace/.npm/_npx/9ed06546b0653f96/node_modules/@rolldown/binding-android-arm64
340 silly reify mark deleted [
340 silly reify   '/workspace/.npm/_npx/9ed06546b0653f96/node_modules/@rolldown/binding-android-arm64'
340 silly reify ]
341 verbose reify failed optional dependency /workspace/.npm/_npx/9ed06546b0653f96/node_modules/lightningcss-win32-x64-msvc
342 silly reify mark deleted [
342 silly reify   '/workspace/.npm/_npx/9ed06546b0653f96/node_modules/lightningcss-win32-x64-msvc'
342 silly reify ]
343 verbose reify failed optional dependency /workspace/.npm/_npx/9ed06546b0653f96/node_modules/lightningcss-win32-arm64-msvc
344 silly reify mark deleted [
344 silly reify   '/workspace/.npm/_npx/9ed06546b0653f96/node_modules/lightningcss-win32-arm64-msvc'
344 silly reify ]
345 verbose reify failed optional dependency /workspace/.npm/_npx/9ed06546b0653f96/node_modules/lightningcss-linux-x64-musl
346 silly reify mark deleted [
346 silly reify   '/workspace/.npm/_npx/9ed06546b0653f96/node_modules/lightningcss-linux-x64-musl'
346 silly reify ]
347 verbose reify failed optional dependency /workspace/.npm/_npx/9ed06546b0653f96/node_modules/lightningcss-linux-x64-gnu
348 silly reify mark deleted [
348 silly reify   '/workspace/.npm/_npx/9ed06546b0653f96/node_modules/lightningcss-linux-x64-gnu'
348 silly reify ]
349 verbose reify failed optional dependency /workspace/.npm/_npx/9ed06546b0653f96/node_modules/lightningcss-linux-arm64-musl
350 silly reify mark deleted [
350 silly reify   '/workspace/.npm/_npx/9ed06546b0653f96/node_modules/lightningcss-linux-arm64-musl'
350 silly reify ]
351 verbose reify failed optional dependency /workspace/.npm/_npx/9ed06546b0653f96/node_modules/lightningcss-linux-arm-gnueabihf
352 silly reify mark deleted [
352 silly reify   '/workspace/.npm/_npx/9ed06546b0653f96/node_modules/lightningcss-linux-arm-gnueabihf'
352 silly reify ]
353 verbose reify failed optional dependency /workspace/.npm/_npx/9ed06546b0653f96/node_modules/lightningcss-freebsd-x64
354 silly reify mark deleted [
354 silly reify   '/workspace/.npm/_npx/9ed06546b0653f96/node_modules/lightningcss-freebsd-x64'
354 silly reify ]
355 verbose reify failed optional dependency /workspace/.npm/_npx/9ed06546b0653f96/node_modules/lightningcss-darwin-x64
356 silly reify mark deleted [
356 silly reify   '/workspace/.npm/_npx/9ed06546b0653f96/node_modules/lightningcss-darwin-x64'
356 silly reify ]
357 verbose reify failed optional dependency /workspace/.npm/_npx/9ed06546b0653f96/node_modules/lightningcss-darwin-arm64
358 silly reify mark deleted [
358 silly reify   '/workspace/.npm/_npx/9ed06546b0653f96/node_modules/lightningcss-darwin-arm64'
358 silly reify ]
359 verbose reify failed optional dependency /workspace/.npm/_npx/9ed06546b0653f96/node_modules/lightningcss-android-arm64
360 silly reify mark deleted [
360 silly reify   '/workspace/.npm/_npx/9ed06546b0653f96/node_modules/lightningcss-android-arm64'
360 silly reify ]
361 verbose reify failed optional dependency /workspace/.npm/_npx/9ed06546b0653f96/node_modules/fsevents
362 silly reify mark deleted [ '/workspace/.npm/_npx/9ed06546b0653f96/node_modules/fsevents' ]
363 http cache @tybys/wasm-util@https://registry.npmjs.org/@tybys/wasm-util/-/wasm-util-0.10.3.tgz 0ms (cache hit)
364 http cache fdir@https://registry.npmjs.org/fdir/-/fdir-6.5.0.tgz 0ms (cache hit)
365 http cache tslib@https://registry.npmjs.org/tslib/-/tslib-2.8.1.tgz 0ms (cache hit)
366 http cache @emnapi/wasi-threads@https://registry.npmjs.org/@emnapi/wasi-threads/-/wasi-threads-1.2.2.tgz 0ms (cache hit)
367 http cache @napi-rs/wasm-runtime@https://registry.npmjs.org/@napi-rs/wasm-runtime/-/wasm-runtime-1.1.6.tgz 0ms (cache hit)
368 http cache @emnapi/core@https://registry.npmjs.org/@emnapi/core/-/core-1.11.1.tgz 0ms (cache hit)
369 http cache @emnapi/runtime@https://registry.npmjs.org/@emnapi/runtime/-/runtime-1.11.1.tgz 0ms (cache hit)
370 http cache @rolldown/pluginutils@https://registry.npmjs.org/@rolldown/pluginutils/-/pluginutils-1.0.1.tgz 0ms (cache hit)
371 http cache nanoid@https://registry.npmjs.org/nanoid/-/nanoid-3.3.15.tgz 0ms (cache hit)
372 http cache source-map-js@https://registry.npmjs.org/source-map-js/-/source-map-js-1.2.1.tgz 0ms (cache hit)
373 http cache @oxc-project/types@https://registry.npmjs.org/@oxc-project/types/-/types-0.137.0.tgz 0ms (cache hit)
374 http cache @rolldown/binding-linux-arm64-gnu@https://registry.npmjs.org/@rolldown/binding-linux-arm64-gnu/-/binding-linux-arm64-gnu-1.1.3.tgz 0ms (cache hit)
375 http cache picocolors@https://registry.npmjs.org/picocolors/-/picocolors-1.1.1.tgz 0ms (cache hit)
376 silly tarball no local data for @tybys/wasm-util@https://registry.npmjs.org/@tybys/wasm-util/-/wasm-util-0.10.3.tgz. Extracting by manifest.
377 http cache detect-libc@https://registry.npmjs.org/detect-libc/-/detect-libc-2.1.2.tgz 0ms (cache hit)
378 http cache rolldown@https://registry.npmjs.org/rolldown/-/rolldown-1.1.3.tgz 0ms (cache hit)
379 http cache picomatch@https://registry.npmjs.org/picomatch/-/picomatch-4.0.4.tgz 0ms (cache hit)
380 http cache lightningcss-linux-arm64-gnu@https://registry.npmjs.org/lightningcss-linux-arm64-gnu/-/lightningcss-linux-arm64-gnu-1.32.0.tgz 0ms (cache hit)
381 silly tarball no local data for fdir@https://registry.npmjs.org/fdir/-/fdir-6.5.0.tgz. Extracting by manifest.
382 http cache tinyglobby@https://registry.npmjs.org/tinyglobby/-/tinyglobby-0.2.17.tgz 0ms (cache hit)
383 silly tarball no local data for tslib@https://registry.npmjs.org/tslib/-/tslib-2.8.1.tgz. Extracting by manifest.
384 silly tarball no local data for @emnapi/wasi-threads@https://registry.npmjs.org/@emnapi/wasi-threads/-/wasi-threads-1.2.2.tgz. Extracting by manifest.
385 http cache vite@https://registry.npmjs.org/vite/-/vite-8.1.0.tgz 0ms (cache hit)
386 silly tarball no local data for @napi-rs/wasm-runtime@https://registry.npmjs.org/@napi-rs/wasm-runtime/-/wasm-runtime-1.1.6.tgz. Extracting by manifest.
387 silly tarball no local data for @emnapi/core@https://registry.npmjs.org/@emnapi/core/-/core-1.11.1.tgz. Extracting by manifest.
388 http cache lightningcss@https://registry.npmjs.org/lightningcss/-/lightningcss-1.32.0.tgz 0ms (cache hit)
389 silly tarball no local data for @emnapi/runtime@https://registry.npmjs.org/@emnapi/runtime/-/runtime-1.11.1.tgz. Extracting by manifest.
390 silly tarball no local data for @rolldown/pluginutils@https://registry.npmjs.org/@rolldown/pluginutils/-/pluginutils-1.0.1.tgz. Extracting by manifest.
391 silly tarball no local data for nanoid@https://registry.npmjs.org/nanoid/-/nanoid-3.3.15.tgz. Extracting by manifest.
392 silly tarball no local data for source-map-js@https://registry.npmjs.org/source-map-js/-/source-map-js-1.2.1.tgz. Extracting by manifest.
393 silly tarball no local data for @oxc-project/types@https://registry.npmjs.org/@oxc-project/types/-/types-0.137.0.tgz. Extracting by manifest.
394 silly tarball no local data for @rolldown/binding-linux-arm64-gnu@https://registry.npmjs.org/@rolldown/binding-linux-arm64-gnu/-/binding-linux-arm64-gnu-1.1.3.tgz. Extracting by manifest.
395 http cache postcss@https://registry.npmjs.org/postcss/-/postcss-8.5.15.tgz 0ms (cache hit)
396 silly tarball no local data for picocolors@https://registry.npmjs.org/picocolors/-/picocolors-1.1.1.tgz. Extracting by manifest.
397 silly tarball no local data for detect-libc@https://registry.npmjs.org/detect-libc/-/detect-libc-2.1.2.tgz. Extracting by manifest.
398 silly tarball no local data for rolldown@https://registry.npmjs.org/rolldown/-/rolldown-1.1.3.tgz. Extracting by manifest.
399 silly tarball no local data for picomatch@https://registry.npmjs.org/picomatch/-/picomatch-4.0.4.tgz. Extracting by manifest.
400 silly tarball no local data for lightningcss-linux-arm64-gnu@https://registry.npmjs.org/lightningcss-linux-arm64-gnu/-/lightningcss-linux-arm64-gnu-1.32.0.tgz. Extracting by manifest.
401 silly tarball no local data for tinyglobby@https://registry.npmjs.org/tinyglobby/-/tinyglobby-0.2.17.tgz. Extracting by manifest.
402 silly tarball no local data for vite@https://registry.npmjs.org/vite/-/vite-8.1.0.tgz. Extracting by manifest.
403 silly tarball no local data for lightningcss@https://registry.npmjs.org/lightningcss/-/lightningcss-1.32.0.tgz. Extracting by manifest.
404 silly tarball no local data for postcss@https://registry.npmjs.org/postcss/-/postcss-8.5.15.tgz. Extracting by manifest.
405 http fetch GET 200 https://registry.npmjs.org/tslib/-/tslib-2.8.1.tgz 149ms (cache miss)
406 http fetch GET 200 https://registry.npmjs.org/source-map-js/-/source-map-js-1.2.1.tgz 161ms (cache miss)
407 http fetch GET 200 https://registry.npmjs.org/@rolldown/pluginutils/-/pluginutils-1.0.1.tgz 166ms (cache miss)
408 http fetch GET 200 https://registry.npmjs.org/@emnapi/runtime/-/runtime-1.11.1.tgz 190ms (cache miss)
409 http fetch GET 200 https://registry.npmjs.org/nanoid/-/nanoid-3.3.15.tgz 212ms (cache miss)
410 http fetch GET 200 https://registry.npmjs.org/fdir/-/fdir-6.5.0.tgz 220ms (cache miss)
411 http fetch POST 200 https://registry.npmjs.org/-/npm/v1/security/advisories/bulk 272ms
412 silly audit report {}
413 http fetch GET 200 https://registry.npmjs.org/tinyglobby/-/tinyglobby-0.2.17.tgz 292ms (cache miss)
414 http fetch GET 200 https://registry.npmjs.org/@tybys/wasm-util/-/wasm-util-0.10.3.tgz 380ms (cache miss)
415 http fetch GET 200 https://registry.npmjs.org/@emnapi/core/-/core-1.11.1.tgz 469ms (cache miss)
416 http fetch GET 200 https://registry.npmjs.org/postcss/-/postcss-8.5.15.tgz 543ms (cache miss)
417 http fetch GET 200 https://registry.npmjs.org/@emnapi/wasi-threads/-/wasi-threads-1.2.2.tgz 571ms (cache miss)
418 http fetch GET 200 https://registry.npmjs.org/picocolors/-/picocolors-1.1.1.tgz 605ms (cache miss)
419 http fetch GET 200 https://registry.npmjs.org/rolldown/-/rolldown-1.1.3.tgz 858ms (cache miss)
420 http fetch GET 200 https://registry.npmjs.org/lightningcss/-/lightningcss-1.32.0.tgz 972ms (cache miss)
421 http fetch GET 200 https://registry.npmjs.org/@napi-rs/wasm-runtime/-/wasm-runtime-1.1.6.tgz 1019ms (cache miss)
422 http fetch GET 200 https://registry.npmjs.org/@oxc-project/types/-/types-0.137.0.tgz 1053ms (cache miss)
423 http fetch GET 200 https://registry.npmjs.org/detect-libc/-/detect-libc-2.1.2.tgz 1090ms (cache miss)
424 http fetch GET 200 https://registry.npmjs.org/vite/-/vite-8.1.0.tgz 1133ms (cache miss)
425 http fetch GET 200 https://registry.npmjs.org/picomatch/-/picomatch-4.0.4.tgz 1366ms (cache miss)
426 http fetch GET 200 https://registry.npmjs.org/lightningcss-linux-arm64-gnu/-/lightningcss-linux-arm64-gnu-1.32.0.tgz 3204ms (cache miss)
427 http fetch GET 200 https://registry.npmjs.org/@rolldown/binding-linux-arm64-gnu/-/binding-linux-arm64-gnu-1.1.3.tgz 3937ms (cache miss)
428 verbose cwd /workspace
429 verbose os Linux 6.8.0-100-generic
430 verbose node v22.23.0
431 verbose npm  v10.9.8
432 verbose exit 1
433 verbose code 1
